0 verbose cli /home/reg/.nvm/versions/node/v22.14.0/bin/node /home/reg/.nvm/versions/node/v22.14.0/bin/npm
1 info using npm@10.9.2
2 info using node@v22.14.0
3 silly config load:file:/home/reg/.nvm/versions/node/v22.14.0/lib/node_modules/npm/npmrc
4 silly config load:file:/home/reg/project/master-back/.npmrc
5 silly config load:file:/home/reg/.npmrc
6 silly config load:file:/home/reg/.nvm/versions/node/v22.14.0/etc/npmrc
7 verbose title npm install @nestjs/core@10.3.8 @nestjs/common@10.3.8 @nestjs/platform-express@10.3.8
8 verbose argv "install" "@nestjs/core@10.3.8" "@nestjs/common@10.3.8" "@nestjs/platform-express@10.3.8" "--save"
9 verbose logfile logs-max:10 dir:/home/reg/.npm/_logs/2025-03-08T14_42_13_763Z-
10 verbose logfile /home/reg/.npm/_logs/2025-03-08T14_42_13_763Z-debug-0.log
11 silly logfile start cleaning logs, removing 1 files
12 silly logfile done cleaning log files
13 silly packumentCache heap:2102132736 maxSize:525533184 maxEntrySize:262766592
14 silly idealTree buildDeps
15 silly fetch manifest @nestjs/axios@^3.0.2
16 silly packumentCache full:https://registry.npmjs.org/@nestjs%2faxios cache-miss
17 http cache https://registry.npmjs.org/@nestjs%2faxios 19ms (cache hit)
18 silly packumentCache full:https://registry.npmjs.org/@nestjs%2faxios set size:77239 disposed:false
19 silly fetch manifest @nestjs/common@10.3.8
20 silly packumentCache full:https://registry.npmjs.org/@nestjs%2fcommon cache-miss
21 http cache https://registry.npmjs.org/@nestjs%2fcommon 8ms (cache hit)
22 silly packumentCache full:https://registry.npmjs.org/@nestjs%2fcommon set size:836681 disposed:false
23 silly fetch manifest class-transformer@^0.5.1
24 silly packumentCache full:https://registry.npmjs.org/class-transformer cache-miss
25 http cache https://registry.npmjs.org/class-transformer 5ms (cache hit)
26 silly packumentCache full:https://registry.npmjs.org/class-transformer set size:106571 disposed:false
27 silly fetch manifest class-validator@^0.14.1
28 silly packumentCache full:https://registry.npmjs.org/class-validator cache-miss
29 http cache https://registry.npmjs.org/class-validator 5ms (cache hit)
30 silly packumentCache full:https://registry.npmjs.org/class-validator set size:376887 disposed:false
31 silly fetch manifest reflect-metadata@^0.2.0
32 silly packumentCache full:https://registry.npmjs.org/reflect-metadata cache-miss
33 http cache https://registry.npmjs.org/reflect-metadata 5ms (cache hit)
34 silly packumentCache full:https://registry.npmjs.org/reflect-metadata set size:61305 disposed:false
35 silly fetch manifest rxjs@^7.8.1
36 silly packumentCache full:https://registry.npmjs.org/rxjs cache-miss
37 http cache https://registry.npmjs.org/rxjs 7ms (cache hit)
38 silly packumentCache full:https://registry.npmjs.org/rxjs set size:980097 disposed:false
39 silly fetch manifest axios@^1.3.1
40 silly packumentCache full:https://registry.npmjs.org/axios cache-miss
41 http cache https://registry.npmjs.org/axios 16ms (cache hit)
42 silly packumentCache full:https://registry.npmjs.org/axios set size:632931 disposed:false
43 silly fetch manifest @nestjs/config@^3.2.2
44 silly packumentCache full:https://registry.npmjs.org/@nestjs%2fconfig cache-miss
45 http cache https://registry.npmjs.org/@nestjs%2fconfig 7ms (cache hit)
46 silly packumentCache full:https://registry.npmjs.org/@nestjs%2fconfig set size:207784 disposed:false
47 silly fetch manifest @nestjs/core@10.3.8
48 silly packumentCache full:https://registry.npmjs.org/@nestjs%2fcore cache-miss
49 http cache https://registry.npmjs.org/@nestjs%2fcore 20ms (cache hit)
50 silly packumentCache full:https://registry.npmjs.org/@nestjs%2fcore set size:958490 disposed:false
51 silly fetch manifest @nestjs/microservices@^10.0.0
52 silly packumentCache full:https://registry.npmjs.org/@nestjs%2fmicroservices cache-miss
53 http cache https://registry.npmjs.org/@nestjs%2fmicroservices 7ms (cache hit)
54 silly packumentCache full:https://registry.npmjs.org/@nestjs%2fmicroservices set size:910767 disposed:false
55 silly fetch manifest @grpc/grpc-js@*
56 silly packumentCache full:https://registry.npmjs.org/@grpc%2fgrpc-js cache-miss
57 http cache https://registry.npmjs.org/@grpc%2fgrpc-js 6ms (cache hit)
58 silly packumentCache full:https://registry.npmjs.org/@grpc%2fgrpc-js set size:627182 disposed:false
59 silly fetch manifest @nestjs/websockets@^10.0.0
60 silly packumentCache full:https://registry.npmjs.org/@nestjs%2fwebsockets cache-miss
61 http cache https://registry.npmjs.org/@nestjs%2fwebsockets 39ms (cache hit)
62 silly packumentCache full:https://registry.npmjs.org/@nestjs%2fwebsockets set size:783769 disposed:false
63 silly fetch manifest @nestjs/platform-socket.io@^10.0.0
64 silly packumentCache full:https://registry.npmjs.org/@nestjs%2fplatform-socket.io cache-miss
65 http cache https://registry.npmjs.org/@nestjs%2fplatform-socket.io 27ms (cache hit)
66 silly packumentCache full:https://registry.npmjs.org/@nestjs%2fplatform-socket.io set size:645122 disposed:false
67 silly fetch manifest amqp-connection-manager@*
68 silly packumentCache full:https://registry.npmjs.org/amqp-connection-manager cache-miss
69 http cache https://registry.npmjs.org/amqp-connection-manager 4ms (cache hit)
70 silly packumentCache full:https://registry.npmjs.org/amqp-connection-manager set size:253676 disposed:false
71 silly fetch manifest amqplib@*
72 silly packumentCache full:https://registry.npmjs.org/amqplib cache-miss
73 http cache https://registry.npmjs.org/amqplib 4ms (cache hit)
74 silly packumentCache full:https://registry.npmjs.org/amqplib set size:73492 disposed:false
75 silly fetch manifest cache-manager@*
76 silly packumentCache full:https://registry.npmjs.org/cache-manager cache-miss
77 http cache https://registry.npmjs.org/cache-manager 3ms (cache hit)
78 silly packumentCache full:https://registry.npmjs.org/cache-manager set size:284170 disposed:false
79 silly fetch manifest ioredis@*
80 silly packumentCache full:https://registry.npmjs.org/ioredis cache-miss
81 http cache https://registry.npmjs.org/ioredis 4ms (cache hit)
82 silly packumentCache full:https://registry.npmjs.org/ioredis set size:784355 disposed:false
83 silly fetch manifest kafkajs@*
84 silly packumentCache full:https://registry.npmjs.org/kafkajs cache-miss
85 http cache https://registry.npmjs.org/kafkajs 12ms (cache hit)
86 silly packumentCache full:https://registry.npmjs.org/kafkajs set size:3133174 disposed:false
87 silly fetch manifest mqtt@*
88 silly packumentCache full:https://registry.npmjs.org/mqtt cache-miss
89 http cache https://registry.npmjs.org/mqtt 7ms (cache hit)
90 silly packumentCache full:https://registry.npmjs.org/mqtt set size:750305 disposed:false
91 silly fetch manifest nats@*
92 silly packumentCache full:https://registry.npmjs.org/nats cache-miss
93 http cache https://registry.npmjs.org/nats 6ms (cache hit)
94 silly packumentCache full:https://registry.npmjs.org/nats set size:769660 disposed:false
95 silly fetch manifest @nestjs/platform-express@10.3.8
96 silly packumentCache full:https://registry.npmjs.org/@nestjs%2fplatform-express cache-miss
97 http cache https://registry.npmjs.org/@nestjs%2fplatform-express 17ms (cache hit)
98 silly packumentCache full:https://registry.npmjs.org/@nestjs%2fplatform-express set size:673137 disposed:false
99 silly fetch manifest @nestjs/jwt@^10.2.0
100 silly packumentCache full:https://registry.npmjs.org/@nestjs%2fjwt cache-miss
101 http cache https://registry.npmjs.org/@nestjs%2fjwt 6ms (cache hit)
102 silly packumentCache full:https://registry.npmjs.org/@nestjs%2fjwt set size:88322 disposed:false
103 silly fetch manifest @nestjs/passport@^10.0.3
104 silly packumentCache full:https://registry.npmjs.org/@nestjs%2fpassport cache-miss
105 http cache https://registry.npmjs.org/@nestjs%2fpassport 5ms (cache hit)
106 silly packumentCache full:https://registry.npmjs.org/@nestjs%2fpassport set size:152922 disposed:false
107 silly fetch manifest passport@^0.7.0
108 silly packumentCache full:https://registry.npmjs.org/passport cache-miss
109 http cache https://registry.npmjs.org/passport 5ms (cache hit)
110 silly packumentCache full:https://registry.npmjs.org/passport set size:75534 disposed:false
111 silly fetch manifest @nestjs/serve-static@^5.0.3
112 silly packumentCache full:https://registry.npmjs.org/@nestjs%2fserve-static cache-miss
113 http cache https://registry.npmjs.org/@nestjs%2fserve-static 4ms (cache hit)
114 silly packumentCache full:https://registry.npmjs.org/@nestjs%2fserve-static set size:70399 disposed:false
115 silly fetch manifest @fastify/static@^8.0.4
116 silly packumentCache full:https://registry.npmjs.org/@fastify%2fstatic cache-miss
117 http cache https://registry.npmjs.org/@fastify%2fstatic 3ms (cache hit)
118 silly packumentCache full:https://registry.npmjs.org/@fastify%2fstatic set size:162666 disposed:false
119 silly fetch manifest @nestjs/common@^11.0.2
120 silly packumentCache full:https://registry.npmjs.org/@nestjs%2fcommon cache-hit
121 verbose stack Error: unable to resolve dependency tree
121 verbose stack     at #failPeerConflict (/home/reg/.nvm/versions/node/v22.14.0/lib/node_modules/npm/node_modules/@npmcli/arborist/lib/arborist/build-ideal-tree.js:1363:25)
121 verbose stack     at #loadPeerSet (/home/reg/.nvm/versions/node/v22.14.0/lib/node_modules/npm/node_modules/@npmcli/arborist/lib/arborist/build-ideal-tree.js:1329:33)
121 verbose stack     at async #buildDepStep (/home/reg/.nvm/versions/node/v22.14.0/lib/node_modules/npm/node_modules/@npmcli/arborist/lib/arborist/build-ideal-tree.js:904:11)
121 verbose stack     at async Arborist.buildIdealTree (/home/reg/.nvm/versions/node/v22.14.0/lib/node_modules/npm/node_modules/@npmcli/arborist/lib/arborist/build-ideal-tree.js:181:7)
121 verbose stack     at async Promise.all (index 1)
121 verbose stack     at async Arborist.reify (/home/reg/.nvm/versions/node/v22.14.0/lib/node_modules/npm/node_modules/@npmcli/arborist/lib/arborist/reify.js:131:5)
121 verbose stack     at async Install.exec (/home/reg/.nvm/versions/node/v22.14.0/lib/node_modules/npm/lib/commands/install.js:150:5)
121 verbose stack     at async Npm.exec (/home/reg/.nvm/versions/node/v22.14.0/lib/node_modules/npm/lib/npm.js:207:9)
121 verbose stack     at async module.exports (/home/reg/.nvm/versions/node/v22.14.0/lib/node_modules/npm/lib/cli/entry.js:74:5)
122 error code ERESOLVE
123 error ERESOLVE unable to resolve dependency tree
124 error
125 error While resolving: master-back@0.0.1
125 error Found: @nestjs/common@10.3.8[2m[22m
125 error [2mnode_modules/@nestjs/common[22m
125 error   @nestjs/common@"10.3.8" from the root project
125 error
125 error Could not resolve dependency:
125 error [95mpeer[39m @nestjs/common@"^11.0.2" from @nestjs/serve-static@5.0.3[2m[22m
125 error [2mnode_modules/@nestjs/serve-static[22m
125 error   @nestjs/serve-static@"^5.0.3" from the root project
125 error
125 error Fix the upstream dependency conflict, or retry
125 error this command with --force or --legacy-peer-deps
125 error to accept an incorrect (and potentially broken) dependency resolution.
126 error
126 error
126 error For a full report see:
126 error /home/reg/.npm/_logs/2025-03-08T14_42_13_763Z-eresolve-report.txt
127 silly unfinished npm timer reify 1741444934112
128 silly unfinished npm timer reify:loadTrees 1741444934113
129 silly unfinished npm timer idealTree:buildDeps 1741444934136
130 silly unfinished npm timer idealTree:#root 1741444934137
131 verbose cwd /home/reg/project/master-back
132 verbose os Linux 6.8.0-1025-gcp
133 verbose node v22.14.0
134 verbose npm  v10.9.2
135 verbose exit 1
136 verbose code 1
137 error A complete log of this run can be found in: /home/reg/.npm/_logs/2025-03-08T14_42_13_763Z-debug-0.log
