0 verbose cli /home/reg/.nvm/versions/node/v22.14.0/bin/node /home/reg/.nvm/versions/node/v22.14.0/bin/npm
1 info using npm@10.9.2
2 info using node@v22.14.0
3 silly config load:file:/home/reg/.nvm/versions/node/v22.14.0/lib/node_modules/npm/npmrc
4 silly config load:file:/home/reg/project/master-back/.npmrc
5 silly config load:file:/home/reg/.npmrc
6 silly config load:file:/home/reg/.nvm/versions/node/v22.14.0/etc/npmrc
7 verbose title npm show @nestjs/serve-static versions
8 verbose argv "show" "@nestjs/serve-static" "versions"
9 verbose logfile logs-max:10 dir:/home/reg/.npm/_logs/2025-03-08T14_44_44_448Z-
10 verbose logfile /home/reg/.npm/_logs/2025-03-08T14_44_44_448Z-debug-0.log
11 silly logfile start cleaning logs, removing 1 files
12 silly logfile done cleaning log files
13 http fetch GET 200 https://registry.npmjs.org/@nestjs%2fserve-static 208ms (cache updated)
14 verbose cwd /home/reg/project/master-back
15 verbose os Linux 6.8.0-1025-gcp
16 verbose node v22.14.0
17 verbose npm  v10.9.2
18 verbose exit 0
19 info ok
