0 verbose cli /home/reg/.nvm/versions/node/v22.14.0/bin/node /home/reg/.nvm/versions/node/v22.14.0/bin/npm
1 info using npm@10.9.2
2 info using node@v22.14.0
3 silly config load:file:/home/reg/.nvm/versions/node/v22.14.0/lib/node_modules/npm/npmrc
4 silly config load:file:/home/reg/project/master-back/.npmrc
5 silly config load:file:/home/reg/.npmrc
6 silly config load:file:/home/reg/.nvm/versions/node/v22.14.0/etc/npmrc
7 verbose title npm install @types/uuid
8 verbose argv "install" "--save-dev" "@types/uuid" "--legacy-peer-deps"
9 verbose logfile logs-max:10 dir:/home/reg/.npm/_logs/2025-03-08T14_59_16_955Z-
10 verbose logfile /home/reg/.npm/_logs/2025-03-08T14_59_16_955Z-debug-0.log
11 silly logfile start cleaning logs, removing 1 files
12 silly logfile done cleaning log files
13 silly packumentCache heap:2102132736 maxSize:525533184 maxEntrySize:262766592
14 silly idealTree buildDeps
15 silly fetch manifest @types/uuid@*
16 silly packumentCache full:https://registry.npmjs.org/@types%2fuuid cache-miss
17 http fetch GET 200 https://registry.npmjs.org/@types%2fuuid 504ms (cache miss)
18 silly packumentCache full:https://registry.npmjs.org/@types%2fuuid set size:undefined disposed:false
19 silly placeDep ROOT @types/uuid@10.0.0 OK for: master-back@0.0.1 want: *
20 silly reify moves {}
21 silly audit bulk request {
21 silly audit   '@ampproject/remapping': [ '2.3.0' ],
21 silly audit   '@angular-devkit/core': [ '17.3.11' ],
21 silly audit   rxjs: [ '7.8.1', '7.8.2' ],
21 silly audit   '@angular-devkit/schematics': [ '17.3.11' ],
21 silly audit   '@angular-devkit/schematics-cli': [ '17.3.11' ],
21 silly audit   chalk: [ '5.4.1', '4.1.2' ],
21 silly audit   'cli-width': [ '4.1.0', '3.0.0' ],
21 silly audit   inquirer: [ '9.2.15', '8.2.6' ],
21 silly audit   'mute-stream': [ '1.0.0', '0.0.8' ],
21 silly audit   'run-async': [ '3.0.0', '2.4.1' ],
21 silly audit   '@babel/code-frame': [ '7.26.2' ],
21 silly audit   '@babel/compat-data': [ '7.26.8' ],
21 silly audit   '@babel/core': [ '7.26.9' ],
21 silly audit   semver: [ '6.3.1', '7.7.1' ],
21 silly audit   '@babel/generator': [ '7.26.9' ],
21 silly audit   '@babel/helper-compilation-targets': [ '7.26.5' ],
21 silly audit   '@babel/helper-module-imports': [ '7.25.9' ],
21 silly audit   '@babel/helper-module-transforms': [ '7.26.0' ],
21 silly audit   '@babel/helper-plugin-utils': [ '7.26.5' ],
21 silly audit   '@babel/helper-string-parser': [ '7.25.9' ],
21 silly audit   '@babel/helper-validator-identifier': [ '7.25.9' ],
21 silly audit   '@babel/helper-validator-option': [ '7.25.9' ],
21 silly audit   '@babel/helpers': [ '7.26.9' ],
21 silly audit   '@babel/parser': [ '7.26.9' ],
21 silly audit   '@babel/plugin-syntax-async-generators': [ '7.8.4' ],
21 silly audit   '@babel/plugin-syntax-bigint': [ '7.8.3' ],
21 silly audit   '@babel/plugin-syntax-class-properties': [ '7.12.13' ],
21 silly audit   '@babel/plugin-syntax-class-static-block': [ '7.14.5' ],
21 silly audit   '@babel/plugin-syntax-import-attributes': [ '7.26.0' ],
21 silly audit   '@babel/plugin-syntax-import-meta': [ '7.10.4' ],
21 silly audit   '@babel/plugin-syntax-json-strings': [ '7.8.3' ],
21 silly audit   '@babel/plugin-syntax-jsx': [ '7.25.9' ],
21 silly audit   '@babel/plugin-syntax-logical-assignment-operators': [ '7.10.4' ],
21 silly audit   '@babel/plugin-syntax-nullish-coalescing-operator': [ '7.8.3' ],
21 silly audit   '@babel/plugin-syntax-numeric-separator': [ '7.10.4' ],
21 silly audit   '@babel/plugin-syntax-object-rest-spread': [ '7.8.3' ],
21 silly audit   '@babel/plugin-syntax-optional-catch-binding': [ '7.8.3' ],
21 silly audit   '@babel/plugin-syntax-optional-chaining': [ '7.8.3' ],
21 silly audit   '@babel/plugin-syntax-private-property-in-object': [ '7.14.5' ],
21 silly audit   '@babel/plugin-syntax-top-level-await': [ '7.14.5' ],
21 silly audit   '@babel/plugin-syntax-typescript': [ '7.25.9' ],
21 silly audit   '@babel/template': [ '7.26.9' ],
21 silly audit   '@babel/traverse': [ '7.26.9' ],
21 silly audit   globals: [ '11.12.0', '13.24.0' ],
21 silly audit   '@babel/types': [ '7.26.9' ],
21 silly audit   '@bcoe/v8-coverage': [ '0.2.3' ],
21 silly audit   '@colors/colors': [ '1.5.0' ],
21 silly audit   '@cspotcode/source-map-support': [ '0.8.1' ],
21 silly audit   '@jridgewell/trace-mapping': [ '0.3.9', '0.3.25' ],
21 silly audit   '@eslint-community/eslint-utils': [ '4.4.1' ],
21 silly audit   '@eslint-community/regexpp': [ '4.12.1' ],
21 silly audit   '@eslint/eslintrc': [ '2.1.4' ],
21 silly audit   ajv: [ '6.12.6', '8.12.0' ],
21 silly audit   'brace-expansion': [ '1.1.11', '2.0.1' ],
21 silly audit   'json-schema-traverse': [ '0.4.1', '1.0.0' ],
21 silly audit   minimatch: [ '3.1.2', '5.1.6', '9.0.5', '9.0.3' ],
21 silly audit   '@eslint/js': [ '8.57.1' ],
21 silly audit   '@humanwhocodes/config-array': [ '0.13.0' ],
21 silly audit   '@humanwhocodes/module-importer': [ '1.0.1' ],
21 silly audit   '@humanwhocodes/object-schema': [ '2.0.3' ],
21 silly audit   '@isaacs/cliui': [ '8.0.2' ],
21 silly audit   'ansi-regex': [ '6.1.0', '5.0.1' ],
21 silly audit   'ansi-styles': [ '6.2.1', '4.3.0', '5.2.0' ],
21 silly audit   'emoji-regex': [ '9.2.2', '8.0.0' ],
21 silly audit   'string-width': [ '5.1.2', '4.2.3' ],
21 silly audit   'strip-ansi': [ '7.1.0', '6.0.1' ],
21 silly audit   'wrap-ansi': [ '8.1.0', '7.0.0', '6.2.0' ],
21 silly audit   '@istanbuljs/load-nyc-config': [ '1.1.0' ],
21 silly audit   argparse: [ '1.0.10', '2.0.1' ],
21 silly audit   'find-up': [ '4.1.0', '5.0.0' ],
21 silly audit   'js-yaml': [ '3.14.1', '4.1.0' ],
21 silly audit   'locate-path': [ '5.0.0', '6.0.0' ],
21 silly audit   'p-limit': [ '2.3.0', '3.1.0' ],
21 silly audit   'p-locate': [ '4.1.0', '5.0.0' ],
21 silly audit   'resolve-from': [ '5.0.0', '4.0.0' ],
21 silly audit   '@istanbuljs/schema': [ '0.1.3' ],
21 silly audit   '@jest/console': [ '29.7.0' ],
21 silly audit   '@jest/core': [ '29.7.0' ],
21 silly audit   '@jest/environment': [ '29.7.0' ],
21 silly audit   '@jest/expect': [ '29.7.0' ],
21 silly audit   '@jest/expect-utils': [ '29.7.0' ],
21 silly audit   '@jest/fake-timers': [ '29.7.0' ],
21 silly audit   '@jest/globals': [ '29.7.0' ],
21 silly audit   '@jest/reporters': [ '29.7.0' ],
21 silly audit   glob: [ '7.2.3', '10.4.5' ],
21 silly audit   '@jest/schemas': [ '29.6.3' ],
21 silly audit   '@jest/source-map': [ '29.6.3' ],
21 silly audit   '@jest/test-result': [ '29.7.0' ],
21 silly audit   '@jest/test-sequencer': [ '29.7.0' ],
21 silly audit   '@jest/transform': [ '29.7.0' ],
21 silly audit   '@jest/types': [ '29.6.3' ],
21 silly audit   '@jridgewell/gen-mapping': [ '0.3.8' ],
21 silly audit   '@jridgewell/resolve-uri': [ '3.1.2' ],
21 silly audit   '@jridgewell/set-array': [ '1.2.1' ],
21 silly audit   '@jridgewell/source-map': [ '0.3.6' ],
21 silly audit   '@jridgewell/sourcemap-codec': [ '1.5.0' ],
21 silly audit   '@ljharb/through': [ '2.3.14' ],
21 silly audit   '@lukeed/csprng': [ '1.1.0' ],
21 silly audit   '@mapbox/node-pre-gyp': [ '1.0.11' ],
21 silly audit   '@nestjs/axios': [ '3.1.3' ],
21 silly audit   '@nestjs/cli': [ '10.4.9' ],
21 silly audit   typescript: [ '5.7.2', '5.8.2' ],
21 silly audit   '@nestjs/common': [ '10.4.15' ],
21 silly audit   '@nestjs/config': [ '3.3.0' ],
21 silly audit   '@nestjs/core': [ '10.4.15' ],
21 silly audit   '@nestjs/jwt': [ '10.2.0' ],
21 silly audit   '@nestjs/passport': [ '10.0.3' ],
21 silly audit   '@nestjs/platform-express': [ '10.4.15' ],
21 silly audit   multer: [ '1.4.4-lts.1', '1.4.5-lts.1' ],
21 silly audit   '@nestjs/schematics': [ '10.2.3' ],
21 silly audit   'jsonc-parser': [ '3.3.1', '3.2.1' ],
21 silly audit   '@nestjs/serve-static': [ '4.0.2' ],
21 silly audit   'path-to-regexp': [ '0.2.5', '0.1.12', '3.3.0' ],
21 silly audit   '@nestjs/testing': [ '10.4.15' ],
21 silly audit   '@nodelib/fs.scandir': [ '2.1.5' ],
21 silly audit   '@nodelib/fs.stat': [ '2.0.5' ],
21 silly audit   '@nodelib/fs.walk': [ '1.2.8' ],
21 silly audit   '@nuxtjs/opencollective': [ '0.3.2' ],
21 silly audit   '@pkgjs/parseargs': [ '0.11.0' ],
21 silly audit   '@pkgr/core': [ '0.1.1' ],
21 silly audit   '@sinclair/typebox': [ '0.27.8' ],
21 silly audit   '@sinonjs/commons': [ '3.0.1' ],
21 silly audit   '@sinonjs/fake-timers': [ '10.3.0' ],
21 silly audit   '@tsconfig/node10': [ '1.0.11' ],
21 silly audit   '@tsconfig/node12': [ '1.0.11' ],
21 silly audit   '@tsconfig/node14': [ '1.0.3' ],
21 silly audit   '@tsconfig/node16': [ '1.0.4' ],
21 silly audit   '@types/babel__core': [ '7.20.5' ],
21 silly audit   '@types/babel__generator': [ '7.6.8' ],
21 silly audit   '@types/babel__template': [ '7.4.4' ],
21 silly audit   '@types/babel__traverse': [ '7.20.6' ],
21 silly audit   '@types/bcrypt': [ '5.0.2' ],
21 silly audit   '@types/body-parser': [ '1.19.5' ],
21 silly audit   '@types/connect': [ '3.4.38' ],
21 silly audit   '@types/cookiejar': [ '2.1.5' ],
21 silly audit   '@types/eslint': [ '9.6.1' ],
21 silly audit   '@types/eslint-scope': [ '3.7.7' ],
21 silly audit   '@types/estree': [ '1.0.6' ],
21 silly audit   '@types/express': [ '4.17.21' ],
21 silly audit   '@types/express-serve-static-core': [ '4.19.6' ],
21 silly audit   '@types/graceful-fs': [ '4.1.9' ],
21 silly audit   '@types/http-errors': [ '2.0.4' ],
21 silly audit   '@types/istanbul-lib-coverage': [ '2.0.6' ],
21 silly audit   '@types/istanbul-lib-report': [ '3.0.3' ],
21 silly audit   '@types/istanbul-reports': [ '3.0.4' ],
21 silly audit   '@types/jest': [ '29.5.14' ],
21 silly audit   '@types/json-schema': [ '7.0.15' ],
21 silly audit   '@types/jsonwebtoken': [ '9.0.5' ],
21 silly audit   '@types/methods': [ '1.1.4' ],
21 silly audit   '@types/mime': [ '1.3.5' ],
21 silly audit   '@types/multer': [ '1.4.12' ],
21 silly audit   '@types/node': [ '20.17.24' ],
21 silly audit   '@types/nodemailer': [ '6.4.17' ],
21 silly audit   '@types/oauth': [ '0.9.6' ],
21 silly audit   '@types/passport': [ '1.0.17' ],
21 silly audit   '@types/passport-google-oauth20': [ '2.0.16' ],
21 silly audit   '@types/passport-jwt': [ '4.0.1' ],
21 silly audit   '@types/passport-local': [ '1.0.38' ],
21 silly audit   '@types/passport-oauth2': [ '1.4.17' ],
21 silly audit   '@types/passport-strategy': [ '0.2.38' ],
21 silly audit   '@types/pg': [ '8.11.11' ],
21 silly audit   '@types/qs': [ '6.9.18' ],
21 silly audit   '@types/range-parser': [ '1.2.7' ],
21 silly audit   '@types/semver': [ '7.5.8' ],
21 silly audit   '@types/send': [ '0.17.4' ],
21 silly audit   '@types/serve-static': [ '1.15.7' ],
21 silly audit   '@types/stack-utils': [ '2.0.3' ],
21 silly audit   '@types/superagent': [ '8.1.9' ],
21 silly audit   '@types/supertest': [ '6.0.2' ],
21 silly audit   '@types/validator': [ '13.12.2' ],
21 silly audit   '@types/yargs': [ '17.0.33' ],
21 silly audit   '@types/yargs-parser': [ '21.0.3' ],
21 silly audit   '@typescript-eslint/eslint-plugin': [ '6.21.0' ],
21 silly audit   '@typescript-eslint/parser': [ '6.21.0' ],
21 silly audit   '@typescript-eslint/scope-manager': [ '6.21.0' ],
21 silly audit   '@typescript-eslint/type-utils': [ '6.21.0' ],
21 silly audit   '@typescript-eslint/types': [ '6.21.0' ],
21 silly audit   '@typescript-eslint/typescript-estree': [ '6.21.0' ],
21 silly audit   '@typescript-eslint/utils': [ '6.21.0' ],
21 silly audit   '@typescript-eslint/visitor-keys': [ '6.21.0' ],
21 silly audit   '@ungap/structured-clone': [ '1.3.0' ],
21 silly audit   '@webassemblyjs/ast': [ '1.14.1' ],
21 silly audit   '@webassemblyjs/floating-point-hex-parser': [ '1.13.2' ],
21 silly audit   '@webassemblyjs/helper-api-error': [ '1.13.2' ],
21 silly audit   '@webassemblyjs/helper-buffer': [ '1.14.1' ],
21 silly audit   '@webassemblyjs/helper-numbers': [ '1.13.2' ],
21 silly audit   '@webassemblyjs/helper-wasm-bytecode': [ '1.13.2' ],
21 silly audit   '@webassemblyjs/helper-wasm-section': [ '1.14.1' ],
21 silly audit   '@webassemblyjs/ieee754': [ '1.13.2' ],
21 silly audit   '@webassemblyjs/leb128': [ '1.13.2' ],
21 silly audit   '@webassemblyjs/utf8': [ '1.13.2' ],
21 silly audit   '@webassemblyjs/wasm-edit': [ '1.14.1' ],
21 silly audit   '@webassemblyjs/wasm-gen': [ '1.14.1' ],
21 silly audit   '@webassemblyjs/wasm-opt': [ '1.14.1' ],
21 silly audit   '@webassemblyjs/wasm-parser': [ '1.14.1' ],
21 silly audit   '@webassemblyjs/wast-printer': [ '1.14.1' ],
21 silly audit   '@xtuc/ieee754': [ '1.2.0' ],
21 silly audit   '@xtuc/long': [ '4.2.2' ],
21 silly audit   abbrev: [ '1.1.1' ],
21 silly audit   accepts: [ '1.3.8' ],
21 silly audit   acorn: [ '8.14.1' ],
21 silly audit   'acorn-jsx': [ '5.3.2' ],
21 silly audit   'acorn-walk': [ '8.3.4' ],
21 silly audit   'agent-base': [ '6.0.2' ],
21 silly audit   'ajv-formats': [ '2.1.1' ],
21 silly audit   'ajv-keywords': [ '3.5.2', '5.1.0' ],
21 silly audit   'ansi-colors': [ '4.1.3' ],
21 silly audit   'ansi-escapes': [ '4.3.2' ],
21 silly audit   'type-fest': [ '0.21.3', '0.20.2' ],
21 silly audit   anymatch: [ '3.1.3' ],
21 silly audit   picomatch: [ '2.3.1', '4.0.1' ],
21 silly audit   'append-field': [ '1.0.0' ],
21 silly audit   aproba: [ '2.0.0' ],
21 silly audit   'are-we-there-yet': [ '2.0.0' ],
21 silly audit   'readable-stream': [ '3.6.2', '2.3.8' ],
21 silly audit   arg: [ '4.1.3' ],
21 silly audit   'array-flatten': [ '1.1.1' ],
21 silly audit   'array-timsort': [ '1.0.3' ],
21 silly audit   'array-union': [ '2.1.0' ],
21 silly audit   asap: [ '2.0.6' ],
21 silly audit   async: [ '3.2.6' ],
21 silly audit   asynckit: [ '0.4.0' ],
21 silly audit   axios: [ '1.8.2' ],
21 silly audit   'babel-jest': [ '29.7.0' ],
21 silly audit   'babel-plugin-istanbul': [ '6.1.1' ],
21 silly audit   'istanbul-lib-instrument': [ '5.2.1', '6.0.3' ],
21 silly audit   'babel-plugin-jest-hoist': [ '29.6.3' ],
21 silly audit   'babel-preset-current-node-syntax': [ '1.1.0' ],
21 silly audit   'babel-preset-jest': [ '29.6.3' ],
21 silly audit   'balanced-match': [ '1.0.2' ],
21 silly audit   'base64-js': [ '1.5.1' ],
21 silly audit   base64url: [ '3.0.1' ],
21 silly audit   bcrypt: [ '5.1.1' ],
21 silly audit   'binary-extensions': [ '2.3.0' ],
21 silly audit   bl: [ '4.1.0' ],
21 silly audit   'body-parser': [ '1.20.3' ],
21 silly audit   debug: [ '2.6.9', '4.4.0' ],
21 silly audit   ms: [ '2.0.0', '2.1.3' ],
21 silly audit   braces: [ '3.0.3' ],
21 silly audit   browserslist: [ '4.24.4' ],
21 silly audit   'bs-logger': [ '0.2.6' ],
21 silly audit   bser: [ '2.1.1' ],
21 silly audit   buffer: [ '5.7.1' ],
21 silly audit   'buffer-equal-constant-time': [ '1.0.1' ],
21 silly audit   'buffer-from': [ '1.1.2' ],
21 silly audit   busboy: [ '1.6.0' ],
21 silly audit   bytes: [ '3.1.2' ],
21 silly audit   'call-bind': [ '1.0.8' ],
21 silly audit   'call-bind-apply-helpers': [ '1.0.2' ],
21 silly audit   'call-bound': [ '1.0.4' ],
21 silly audit   callsites: [ '3.1.0' ],
21 silly audit   camelcase: [ '5.3.1', '6.3.0' ],
21 silly audit   'caniuse-lite': [ '1.0.30001702' ],
21 silly audit   'char-regex': [ '1.0.2' ],
21 silly audit   chardet: [ '0.7.0' ],
21 silly audit   chokidar: [ '3.6.0' ],
21 silly audit   chownr: [ '2.0.0' ],
21 silly audit   'chrome-trace-event': [ '1.0.4' ],
21 silly audit   'ci-info': [ '3.9.0' ],
21 silly audit   'cjs-module-lexer': [ '1.4.3' ],
21 silly audit   'class-transformer': [ '0.5.1' ],
21 silly audit   'class-validator': [ '0.14.1' ],
21 silly audit   'cli-cursor': [ '3.1.0' ],
21 silly audit   'cli-spinners': [ '2.9.2' ],
21 silly audit   'cli-table3': [ '0.6.5' ],
21 silly audit   cliui: [ '8.0.1' ],
21 silly audit   clone: [ '1.0.4' ],
21 silly audit   co: [ '4.6.0' ],
21 silly audit   'collect-v8-coverage': [ '1.0.2' ],
21 silly audit   'color-convert': [ '2.0.1' ],
21 silly audit   'color-name': [ '1.1.4' ],
21 silly audit   'color-support': [ '1.1.3' ],
21 silly audit   'combined-stream': [ '1.0.8' ],
21 silly audit   commander: [ '4.1.1', '2.20.3' ],
21 silly audit   'comment-json': [ '4.2.5' ],
21 silly audit   'component-emitter': [ '1.3.1' ],
21 silly audit   'concat-map': [ '0.0.1' ],
21 silly audit   'concat-stream': [ '1.6.2' ],
21 silly audit   consola: [ '2.15.3' ],
21 silly audit   'console-control-strings': [ '1.1.0' ],
21 silly audit   'content-disposition': [ '0.5.4' ],
21 silly audit   'content-type': [ '1.0.5' ],
21 silly audit   'convert-source-map': [ '2.0.0' ],
21 silly audit   cookie: [ '0.7.1' ],
21 silly audit   'cookie-signature': [ '1.0.6' ],
21 silly audit   cookiejar: [ '2.1.4' ],
21 silly audit   'core-util-is': [ '1.0.3' ],
21 silly audit   cors: [ '2.8.5' ],
21 silly audit   cosmiconfig: [ '8.3.6' ],
21 silly audit   'create-jest': [ '29.7.0' ],
21 silly audit   'create-require': [ '1.1.1' ],
21 silly audit   'cross-spawn': [ '7.0.6' ],
21 silly audit   dayjs: [ '1.11.13' ],
21 silly audit   dedent: [ '1.5.3' ],
21 silly audit   'deep-is': [ '0.1.4' ],
21 silly audit   deepmerge: [ '4.3.1' ],
21 silly audit   defaults: [ '1.0.4' ],
21 silly audit   'define-data-property': [ '1.1.4' ],
21 silly audit   'delayed-stream': [ '1.0.0' ],
21 silly audit   delegates: [ '1.0.0' ],
21 silly audit   depd: [ '2.0.0' ],
21 silly audit   destroy: [ '1.2.0' ],
21 silly audit   'detect-libc': [ '2.0.3' ],
21 silly audit   'detect-newline': [ '3.1.0' ],
21 silly audit   dezalgo: [ '1.0.4' ],
21 silly audit   diff: [ '4.0.2' ],
21 silly audit   'diff-sequences': [ '29.6.3' ],
21 silly audit   'dir-glob': [ '3.0.1' ],
21 silly audit   doctrine: [ '3.0.0' ],
21 silly audit   dotenv: [ '16.4.5' ],
21 silly audit   'dotenv-expand': [ '10.0.0' ],
21 silly audit   'dunder-proto': [ '1.0.1' ],
21 silly audit   eastasianwidth: [ '0.2.0' ],
21 silly audit   'ecdsa-sig-formatter': [ '1.0.11' ],
21 silly audit   'ee-first': [ '1.1.1' ],
21 silly audit   ejs: [ '3.1.10' ],
21 silly audit   'electron-to-chromium': [ '1.5.113' ],
21 silly audit   emittery: [ '0.13.1' ],
21 silly audit   encodeurl: [ '2.0.0', '1.0.2' ],
21 silly audit   'enhanced-resolve': [ '5.18.1' ],
21 silly audit   'error-ex': [ '1.3.2' ],
21 silly audit   'es-define-property': [ '1.0.1' ],
21 silly audit   'es-errors': [ '1.3.0' ],
21 silly audit   'es-module-lexer': [ '1.6.0' ],
21 silly audit   'es-object-atoms': [ '1.1.1' ],
21 silly audit   'es-set-tostringtag': [ '2.1.0' ],
21 silly audit   escalade: [ '3.2.0' ],
21 silly audit   'escape-html': [ '1.0.3' ],
21 silly audit   'escape-string-regexp': [ '4.0.0', '1.0.5', '2.0.0' ],
21 silly audit   eslint: [ '8.57.1' ],
21 silly audit   'eslint-config-prettier': [ '9.1.0' ],
21 silly audit   'eslint-plugin-prettier': [ '5.2.3' ],
21 silly audit   'eslint-scope': [ '7.2.2', '5.1.1' ],
21 silly audit   'eslint-visitor-keys': [ '3.4.3' ],
21 silly audit   'glob-parent': [ '6.0.2', '5.1.2' ],
21 silly audit   espree: [ '9.6.1' ],
21 silly audit   esprima: [ '4.0.1' ],
21 silly audit   esquery: [ '1.6.0' ],
21 silly audit   esrecurse: [ '4.3.0' ],
21 silly audit   estraverse: [ '5.3.0', '4.3.0' ],
21 silly audit   esutils: [ '2.0.3' ],
21 silly audit   etag: [ '1.8.1' ],
21 silly audit   events: [ '3.3.0' ],
21 silly audit   execa: [ '5.1.1' ],
21 silly audit   'signal-exit': [ '3.0.7', '4.1.0' ],
21 silly audit   exit: [ '0.1.2' ],
21 silly audit   expect: [ '29.7.0' ],
21 silly audit   express: [ '4.21.2' ],
21 silly audit   'external-editor': [ '3.1.0' ],
21 silly audit   'fast-deep-equal': [ '3.1.3' ],
21 silly audit   'fast-diff': [ '1.3.0' ],
21 silly audit   'fast-glob': [ '3.3.3' ],
21 silly audit   'fast-json-stable-stringify': [ '2.1.0' ],
21 silly audit   'fast-levenshtein': [ '2.0.6' ],
21 silly audit   'fast-safe-stringify': [ '2.1.1' ],
21 silly audit   fastq: [ '1.19.1' ],
21 silly audit   'fb-watchman': [ '2.0.2' ],
21 silly audit   figures: [ '3.2.0' ],
21 silly audit   'file-entry-cache': [ '6.0.1' ],
21 silly audit   filelist: [ '1.0.4' ],
21 silly audit   'fill-range': [ '7.1.1' ],
21 silly audit   finalhandler: [ '1.3.1' ],
21 silly audit   'flat-cache': [ '3.2.0' ],
21 silly audit   flatted: [ '3.3.3' ],
21 silly audit   'follow-redirects': [ '1.15.9' ],
21 silly audit   'foreground-child': [ '3.3.1' ],
21 silly audit   'fork-ts-checker-webpack-plugin': [ '9.0.2' ],
21 silly audit   'form-data': [ '4.0.2' ],
21 silly audit   formidable: [ '2.1.2' ],
21 silly audit   forwarded: [ '0.2.0' ],
21 silly audit   fresh: [ '0.5.2' ],
21 silly audit   'fs-extra': [ '10.1.0' ],
21 silly audit   'fs-minipass': [ '2.1.0' ],
21 silly audit   minipass: [ '3.3.6', '7.1.2', '5.0.0' ],
21 silly audit   yallist: [ '4.0.0', '3.1.1' ],
21 silly audit   'fs-monkey': [ '1.0.6' ],
21 silly audit   'fs.realpath': [ '1.0.0' ],
21 silly audit   fsevents: [ '2.3.3' ],
21 silly audit   'function-bind': [ '1.1.2' ],
21 silly audit   gauge: [ '3.0.2' ],
21 silly audit   gensync: [ '1.0.0-beta.2' ],
21 silly audit   'get-caller-file': [ '2.0.5' ],
21 silly audit   'get-intrinsic': [ '1.3.0' ],
21 silly audit   'get-package-type': [ '0.1.0' ],
21 silly audit   'get-proto': [ '1.0.1' ],
21 silly audit   'get-stream': [ '6.0.1' ],
21 silly audit   'glob-to-regexp': [ '0.4.1' ],
21 silly audit   globby: [ '11.1.0' ],
21 silly audit   gopd: [ '1.2.0' ],
21 silly audit   'graceful-fs': [ '4.2.11' ],
21 silly audit   graphemer: [ '1.4.0' ],
21 silly audit   'has-flag': [ '4.0.0' ],
21 silly audit   'has-own-prop': [ '2.0.0' ],
21 silly audit   'has-property-descriptors': [ '1.0.2' ],
21 silly audit   'has-symbols': [ '1.1.0' ],
21 silly audit   'has-tostringtag': [ '1.0.2' ],
21 silly audit   'has-unicode': [ '2.0.1' ],
21 silly audit   hasown: [ '2.0.2' ],
21 silly audit   hexoid: [ '1.0.0' ],
21 silly audit   'html-escaper': [ '2.0.2' ],
21 silly audit   'http-errors': [ '2.0.0' ],
21 silly audit   'https-proxy-agent': [ '5.0.1' ],
21 silly audit   'human-signals': [ '2.1.0' ],
21 silly audit   'iconv-lite': [ '0.4.24' ],
21 silly audit   ieee754: [ '1.2.1' ],
21 silly audit   ignore: [ '5.3.2' ],
21 silly audit   'import-fresh': [ '3.3.1' ],
21 silly audit   'import-local': [ '3.2.0' ],
21 silly audit   imurmurhash: [ '0.1.4' ],
21 silly audit   inflight: [ '1.0.6' ],
21 silly audit   inherits: [ '2.0.4' ],
21 silly audit   'ipaddr.js': [ '1.9.1' ],
21 silly audit   'is-arrayish': [ '0.2.1' ],
21 silly audit   'is-binary-path': [ '2.1.0' ],
21 silly audit   'is-core-module': [ '2.16.1' ],
21 silly audit   'is-extglob': [ '2.1.1' ],
21 silly audit   'is-fullwidth-code-point': [ '3.0.0' ],
21 silly audit   'is-generator-fn': [ '2.1.0' ],
21 silly audit   'is-glob': [ '4.0.3' ],
21 silly audit   'is-interactive': [ '1.0.0' ],
21 silly audit   'is-number': [ '7.0.0' ],
21 silly audit   'is-path-inside': [ '3.0.3' ],
21 silly audit   'is-stream': [ '2.0.1' ],
21 silly audit   'is-unicode-supported': [ '0.1.0' ],
21 silly audit   isarray: [ '1.0.0' ],
21 silly audit   isexe: [ '2.0.0' ],
21 silly audit   'istanbul-lib-coverage': [ '3.2.2' ],
21 silly audit   'istanbul-lib-report': [ '3.0.1' ],
21 silly audit   'make-dir': [ '4.0.0', '3.1.0' ],
21 silly audit   'istanbul-lib-source-maps': [ '4.0.1' ],
21 silly audit   'source-map': [ '0.6.1', '0.7.4' ],
21 silly audit   'istanbul-reports': [ '3.1.7' ],
21 silly audit   iterare: [ '1.2.1' ],
21 silly audit   jackspeak: [ '3.4.3' ],
21 silly audit   jake: [ '10.9.2' ],
21 silly audit   jest: [ '29.7.0' ],
21 silly audit   'jest-changed-files': [ '29.7.0' ],
21 silly audit   'jest-circus': [ '29.7.0' ],
21 silly audit   'jest-cli': [ '29.7.0' ],
21 silly audit   'jest-config': [ '29.7.0' ],
21 silly audit   'jest-diff': [ '29.7.0' ],
21 silly audit   'jest-docblock': [ '29.7.0' ],
21 silly audit   'jest-each': [ '29.7.0' ],
21 silly audit   'jest-environment-node': [ '29.7.0' ],
21 silly audit   'jest-get-type': [ '29.6.3' ],
21 silly audit   'jest-haste-map': [ '29.7.0' ],
21 silly audit   'jest-leak-detector': [ '29.7.0' ],
21 silly audit   'jest-matcher-utils': [ '29.7.0' ],
21 silly audit   'jest-message-util': [ '29.7.0' ],
21 silly audit   'jest-mock': [ '29.7.0' ],
21 silly audit   'jest-pnp-resolver': [ '1.2.3' ],
21 silly audit   'jest-regex-util': [ '29.6.3' ],
21 silly audit   'jest-resolve': [ '29.7.0' ],
21 silly audit   'jest-resolve-dependencies': [ '29.7.0' ],
21 silly audit   'jest-runner': [ '29.7.0' ],
21 silly audit   'source-map-support': [ '0.5.13', '0.5.21' ],
21 silly audit   'jest-runtime': [ '29.7.0' ],
21 silly audit   'jest-snapshot': [ '29.7.0' ],
21 silly audit   'jest-util': [ '29.7.0' ],
21 silly audit   'jest-validate': [ '29.7.0' ],
21 silly audit   'jest-watcher': [ '29.7.0' ],
21 silly audit   'jest-worker': [ '29.7.0', '27.5.1' ],
21 silly audit   'supports-color': [ '8.1.1', '7.2.0' ],
21 silly audit   'js-tokens': [ '4.0.0' ],
21 silly audit   jsesc: [ '3.1.0' ],
21 silly audit   'json-buffer': [ '3.0.1' ],
21 silly audit   'json-parse-even-better-errors': [ '2.3.1' ],
21 silly audit   'json-stable-stringify-without-jsonify': [ '1.0.1' ],
21 silly audit   json5: [ '2.2.3' ],
21 silly audit   jsonfile: [ '6.1.0' ],
21 silly audit   jsonwebtoken: [ '9.0.2' ],
21 silly audit   jwa: [ '1.4.1' ],
21 silly audit   jws: [ '3.2.2' ],
21 silly audit   keyv: [ '4.5.4' ],
21 silly audit   kleur: [ '3.0.3' ],
21 silly audit   leven: [ '3.1.0' ],
21 silly audit   levn: [ '0.4.1' ],
21 silly audit   'libphonenumber-js': [ '1.12.5' ],
21 silly audit   'lines-and-columns': [ '1.2.4' ],
21 silly audit   'loader-runner': [ '4.3.0' ],
21 silly audit   lodash: [ '4.17.21' ],
21 silly audit   'lodash.includes': [ '4.3.0' ],
21 silly audit   'lodash.isboolean': [ '3.0.3' ],
21 silly audit   'lodash.isinteger': [ '4.0.4' ],
21 silly audit   'lodash.isnumber': [ '3.0.3' ],
21 silly audit   'lodash.isplainobject': [ '4.0.6' ],
21 silly audit   'lodash.isstring': [ '4.0.1' ],
21 silly audit   'lodash.memoize': [ '4.1.2' ],
21 silly audit   'lodash.merge': [ '4.6.2' ],
21 silly audit   'lodash.once': [ '4.1.1' ],
21 silly audit   'log-symbols': [ '4.1.0' ],
21 silly audit   'lru-cache': [ '5.1.1', '10.4.3' ],
21 silly audit   'magic-string': [ '0.30.8' ],
21 silly audit   'make-error': [ '1.3.6' ],
21 silly audit   makeerror: [ '1.0.12' ],
21 silly audit   'math-intrinsics': [ '1.1.0' ],
21 silly audit   'media-typer': [ '0.3.0' ],
21 silly audit   memfs: [ '3.5.3' ],
21 silly audit   'merge-descriptors': [ '1.0.3' ],
21 silly audit   'merge-stream': [ '2.0.0' ],
21 silly audit   merge2: [ '1.4.1' ],
21 silly audit   methods: [ '1.1.2' ],
21 silly audit   micromatch: [ '4.0.8' ],
21 silly audit   mime: [ '1.6.0', '2.6.0' ],
21 silly audit   'mime-db': [ '1.52.0' ],
21 silly audit   'mime-types': [ '2.1.35' ],
21 silly audit   'mimic-fn': [ '2.1.0' ],
21 silly audit   minimist: [ '1.2.8' ],
21 silly audit   minizlib: [ '2.1.2' ],
21 silly audit   mkdirp: [ '0.5.6', '1.0.4' ],
21 silly audit   'natural-compare': [ '1.4.0' ],
21 silly audit   negotiator: [ '0.6.3' ],
21 silly audit   'neo-async': [ '2.6.2' ],
21 silly audit   'node-abort-controller': [ '3.1.1' ],
21 silly audit   'node-addon-api': [ '5.1.0' ],
21 silly audit   'node-emoji': [ '1.11.0' ],
21 silly audit   'node-fetch': [ '2.7.0' ],
21 silly audit   'node-int64': [ '0.4.0' ],
21 silly audit   'node-releases': [ '2.0.19' ],
21 silly audit   nodemailer: [ '6.10.0' ],
21 silly audit   nopt: [ '5.0.0' ],
21 silly audit   'normalize-path': [ '3.0.0' ],
21 silly audit   'npm-run-path': [ '4.0.1' ],
21 silly audit   npmlog: [ '5.0.1' ],
21 silly audit   oauth: [ '0.10.0' ],
21 silly audit   'object-assign': [ '4.1.1' ],
21 silly audit   'object-inspect': [ '1.13.4' ],
21 silly audit   obuf: [ '1.1.2' ],
21 silly audit   'on-finished': [ '2.4.1' ],
21 silly audit   once: [ '1.4.0' ],
21 silly audit   onetime: [ '5.1.2' ],
21 silly audit   optionator: [ '0.9.4' ],
21 silly audit   ora: [ '5.4.1' ],
21 silly audit   'os-tmpdir': [ '1.0.2' ],
21 silly audit   'p-try': [ '2.2.0' ],
21 silly audit   'package-json-from-dist': [ '1.0.1' ],
21 silly audit   'parent-module': [ '1.0.1' ],
21 silly audit   'parse-json': [ '5.2.0' ],
21 silly audit   parseurl: [ '1.3.3' ],
21 silly audit   passport: [ '0.7.0' ],
21 silly audit   'passport-google-oauth20': [ '2.0.0' ],
21 silly audit   'passport-jwt': [ '4.0.1' ],
21 silly audit   'passport-local': [ '1.0.0' ],
21 silly audit   'passport-oauth2': [ '1.8.0' ],
21 silly audit   'passport-strategy': [ '1.0.0' ],
21 silly audit   'path-exists': [ '4.0.0' ],
21 silly audit   'path-is-absolute': [ '1.0.1' ],
21 silly audit   'path-key': [ '3.1.1' ],
21 silly audit   'path-parse': [ '1.0.7' ],
21 silly audit   'path-scurry': [ '1.11.1' ],
21 silly audit   'path-type': [ '4.0.0' ],
21 silly audit   pause: [ '0.0.1' ],
21 silly audit   pg: [ '8.13.3' ],
21 silly audit   'pg-cloudflare': [ '1.1.1' ],
21 silly audit   'pg-connection-string': [ '2.7.0' ],
21 silly audit   'pg-int8': [ '1.0.1' ],
21 silly audit   'pg-numeric': [ '1.0.2' ],
21 silly audit   'pg-pool': [ '3.7.1' ],
21 silly audit   'pg-protocol': [ '1.7.1' ],
21 silly audit   'pg-types': [ '4.0.2', '2.2.0' ],
21 silly audit   'postgres-array': [ '2.0.0', '3.0.4' ],
21 silly audit   'postgres-bytea': [ '1.0.0', '3.0.0' ],
21 silly audit   'postgres-date': [ '1.0.7', '2.1.0' ],
21 silly audit   'postgres-interval': [ '1.2.0', '3.0.0' ],
21 silly audit   pgpass: [ '1.0.5' ],
21 silly audit   picocolors: [ '1.1.1' ],
21 silly audit   pirates: [ '4.0.6' ],
21 silly audit   'pkg-dir': [ '4.2.0' ],
21 silly audit   pluralize: [ '8.0.0' ],
21 silly audit   'postgres-range': [ '1.1.4' ],
21 silly audit   'prelude-ls': [ '1.2.1' ],
21 silly audit   prettier: [ '3.5.3' ],
21 silly audit   'prettier-linter-helpers': [ '1.0.0' ],
21 silly audit   'pretty-format': [ '29.7.0' ],
21 silly audit   'process-nextick-args': [ '2.0.1' ],
21 silly audit   prompts: [ '2.4.2' ],
21 silly audit   'proxy-addr': [ '2.0.7' ],
21 silly audit   'proxy-from-env': [ '1.1.0' ],
21 silly audit   punycode: [ '2.3.1' ],
21 silly audit   'pure-rand': [ '6.1.0' ],
21 silly audit   qs: [ '6.13.0' ],
21 silly audit   'queue-microtask': [ '1.2.3' ],
21 silly audit   randombytes: [ '2.1.0' ],
21 silly audit   'range-parser': [ '1.2.1' ],
21 silly audit   'raw-body': [ '2.5.2' ],
21 silly audit   'react-is': [ '18.3.1' ],
21 silly audit   'safe-buffer': [ '5.1.2', '5.2.1' ],
21 silly audit   readdirp: [ '3.6.0' ],
21 silly audit   'reflect-metadata': [ '0.2.2' ],
21 silly audit   'repeat-string': [ '1.6.1' ],
21 silly audit   'require-directory': [ '2.1.1' ],
21 silly audit   'require-from-string': [ '2.0.2' ],
21 silly audit   resolve: [ '1.22.10' ],
21 silly audit   'resolve-cwd': [ '3.0.0' ],
21 silly audit   'resolve.exports': [ '2.0.3' ],
21 silly audit   'restore-cursor': [ '3.1.0' ],
21 silly audit   reusify: [ '1.1.0' ],
21 silly audit   rimraf: [ '3.0.2' ],
21 silly audit   'run-parallel': [ '1.2.0' ],
21 silly audit   'safer-buffer': [ '2.1.2' ],
21 silly audit   'schema-utils': [ '3.3.0', '4.3.0' ],
21 silly audit   scmp: [ '2.1.0' ],
21 silly audit   send: [ '0.19.0' ],
21 silly audit   'serialize-javascript': [ '6.0.2' ],
21 silly audit   'serve-static': [ '1.16.2' ],
21 silly audit   'set-blocking': [ '2.0.0' ],
21 silly audit   'set-function-length': [ '1.2.2' ],
21 silly audit   setprototypeof: [ '1.2.0' ],
21 silly audit   'shebang-command': [ '2.0.0' ],
21 silly audit   'shebang-regex': [ '3.0.0' ],
21 silly audit   'side-channel': [ '1.1.0' ],
21 silly audit   'side-channel-list': [ '1.0.0' ],
21 silly audit   'side-channel-map': [ '1.0.1' ],
21 silly audit   'side-channel-weakmap': [ '1.0.2' ],
21 silly audit   sisteransi: [ '1.0.5' ],
21 silly audit   slash: [ '3.0.0' ],
21 silly audit   split2: [ '4.2.0' ],
21 silly audit   'sprintf-js': [ '1.0.3' ],
21 silly audit   'stack-utils': [ '2.0.6' ],
21 silly audit   statuses: [ '2.0.1' ],
21 silly audit   streamsearch: [ '1.1.0' ],
21 silly audit   string_decoder: [ '1.1.1' ],
21 silly audit   'string-length': [ '4.0.2' ],
21 silly audit   'strip-bom': [ '4.0.0', '3.0.0' ],
21 silly audit   'strip-final-newline': [ '2.0.0' ],
21 silly audit   'strip-json-comments': [ '3.1.1' ],
21 silly audit   superagent: [ '8.1.2' ],
21 silly audit   supertest: [ '6.3.4' ],
21 silly audit   'supports-preserve-symlinks-flag': [ '1.0.0' ],
21 silly audit   'symbol-observable': [ '4.0.0' ],
21 silly audit   synckit: [ '0.9.2' ],
21 silly audit   tapable: [ '2.2.1' ],
21 silly audit   tar: [ '6.2.1' ],
21 silly audit   terser: [ '5.39.0' ],
21 silly audit   'terser-webpack-plugin': [ '5.3.14' ],
21 silly audit   'test-exclude': [ '6.0.0' ],
21 silly audit   'text-table': [ '0.2.0' ],
21 silly audit   through: [ '2.3.8' ],
21 silly audit   tmp: [ '0.0.33' ],
21 silly audit   tmpl: [ '1.0.5' ],
21 silly audit   'to-regex-range': [ '5.0.1' ],
21 silly audit   toidentifier: [ '1.0.1' ],
21 silly audit   tr46: [ '0.0.3' ],
21 silly audit   'tree-kill': [ '1.2.2' ],
21 silly audit   'ts-api-utils': [ '1.4.3' ],
21 silly audit   'ts-jest': [ '29.2.6' ],
21 silly audit   'ts-loader': [ '9.5.2' ],
21 silly audit   'ts-node': [ '10.9.2' ],
21 silly audit   'tsconfig-paths': [ '4.2.0' ],
21 silly audit   'tsconfig-paths-webpack-plugin': [ '4.2.0' ],
21 silly audit   tslib: [ '2.8.1' ],
21 silly audit   twilio: [ '5.4.5' ],
21 silly audit   'type-check': [ '0.4.0' ],
21 silly audit   'type-detect': [ '4.0.8' ],
21 silly audit   'type-is': [ '1.6.18' ],
21 silly audit   typedarray: [ '0.0.6' ],
21 silly audit   uid: [ '2.0.2' ],
21 silly audit   uid2: [ '0.0.4' ],
21 silly audit   'undici-types': [ '6.19.8' ],
21 silly audit   universalify: [ '2.0.1' ],
21 silly audit   unpipe: [ '1.0.0' ],
21 silly audit   'update-browserslist-db': [ '1.1.3' ],
21 silly audit   'uri-js': [ '4.4.1' ],
21 silly audit   'util-deprecate': [ '1.0.2' ],
21 silly audit   'utils-merge': [ '1.0.1' ],
21 silly audit   uuid: [ '11.1.0' ],
21 silly audit   'v8-compile-cache-lib': [ '3.0.1' ],
21 silly audit   'v8-to-istanbul': [ '9.3.0' ],
21 silly audit   validator: [ '13.12.0' ],
21 silly audit   vary: [ '1.1.2' ],
21 silly audit   walker: [ '1.0.8' ],
21 silly audit   watchpack: [ '2.4.2' ],
21 silly audit   wcwidth: [ '1.0.1' ],
21 silly audit   'webidl-conversions': [ '3.0.1' ],
21 silly audit   webpack: [ '5.97.1' ],
21 silly audit   'webpack-node-externals': [ '3.0.0' ],
21 silly audit   'webpack-sources': [ '3.2.3' ],
21 silly audit   'whatwg-url': [ '5.0.0' ],
21 silly audit   which: [ '2.0.2' ],
21 silly audit   'wide-align': [ '1.1.5' ],
21 silly audit   'word-wrap': [ '1.2.5' ],
21 silly audit   wrappy: [ '1.0.2' ],
21 silly audit   'write-file-atomic': [ '4.0.2' ],
21 silly audit   xmlbuilder: [ '13.0.2' ],
21 silly audit   xtend: [ '4.0.2' ],
21 silly audit   y18n: [ '5.0.8' ],
21 silly audit   yargs: [ '17.7.2' ],
21 silly audit   'yargs-parser': [ '21.1.1' ],
21 silly audit   yn: [ '3.1.1' ],
21 silly audit   'yocto-queue': [ '0.1.0' ],
21 silly audit   '@types/uuid': [ '10.0.0' ]
21 silly audit }
22 verbose reify failed optional dependency /home/reg/project/master-back/node_modules/fsevents
23 silly reify mark deleted [ '/home/reg/project/master-back/node_modules/fsevents' ]
24 http cache @types/uuid@https://registry.npmjs.org/@types/uuid/-/uuid-10.0.0.tgz 1ms (cache hit)
25 silly tarball no local data for @types/uuid@https://registry.npmjs.org/@types/uuid/-/uuid-10.0.0.tgz. Extracting by manifest.
26 http fetch POST 200 https://registry.npmjs.org/-/npm/v1/security/advisories/bulk 90ms
27 silly audit report {
27 silly audit report   'path-to-regexp': [
27 silly audit report     {
27 silly audit report       id: 1101849,
27 silly audit report       url: 'https://github.com/advisories/GHSA-9wv6-86v2-598j',
27 silly audit report       title: 'path-to-regexp outputs backtracking regular expressions',
27 silly audit report       severity: 'high',
27 silly audit report       vulnerable_versions: '>=0.2.0 <1.9.0',
27 silly audit report       cwe: [Array],
27 silly audit report       cvss: [Object]
27 silly audit report     }
27 silly audit report   ]
27 silly audit report }
28 silly packumentCache corgi:https://registry.npmjs.org/path-to-regexp cache-miss
29 http cache https://registry.npmjs.org/path-to-regexp 21ms (cache hit)
30 silly packumentCache corgi:https://registry.npmjs.org/path-to-regexp set size:62557 disposed:false
31 silly packumentCache corgi:https://registry.npmjs.org/@nestjs%2fserve-static cache-miss
32 http fetch GET 200 https://registry.npmjs.org/@types/uuid/-/uuid-10.0.0.tgz 115ms (cache miss)
33 http cache https://registry.npmjs.org/@nestjs%2fserve-static 16ms (cache hit)
34 silly packumentCache corgi:https://registry.npmjs.org/@nestjs%2fserve-static set size:37183 disposed:false
35 silly ADD node_modules/@types/uuid
36 silly ADD
37 verbose cwd /home/reg/project/master-back
38 verbose os Linux 6.8.0-1025-gcp
39 verbose node v22.14.0
40 verbose npm  v10.9.2
41 verbose exit 0
42 info ok
