2025-03-08 13:56:03,548 DEBUG    root            Loaded Command Group: ['gcloud', 'compute']
2025-03-08 13:56:03,570 DEBUG    root            Loaded Command Group: ['gcloud', 'compute', 'firewall_rules']
2025-03-08 13:56:03,622 DEBUG    root            Loaded Command Group: ['gcloud', 'compute', 'firewall-rules', 'create']
2025-03-08 13:56:04,788 DEBUG    root            Running [gcloud.compute.firewall-rules.create] with arguments: [--allow: "['tcp:4001']", --source-ranges: "['0.0.0.0/0']", --target-tags: "['backend-server']", NAME: "allow-backend-4001"]
2025-03-08 13:56:05,084 DEBUG    google.auth.transport.requests Making request: GET http://metadata.google.internal/computeMetadata/v1/instance/service-accounts/135066076752-compute@developer.gserviceaccount.com/?recursive=true
2025-03-08 13:56:05,091 DEBUG    urllib3.connectionpool Starting new HTTP connection (1): metadata.google.internal:80
2025-03-08 13:56:05,093 DEBUG    urllib3.connectionpool http://metadata.google.internal:80 "GET /computeMetadata/v1/instance/service-accounts/135066076752-compute@developer.gserviceaccount.com/?recursive=true HTTP/11" 200 197
2025-03-08 13:56:05,259 DEBUG    google.auth.transport.requests Making request: GET http://metadata.google.internal/computeMetadata/v1/instance/service-accounts/135066076752-compute@developer.gserviceaccount.com/token
2025-03-08 13:56:05,262 DEBUG    urllib3.connectionpool http://metadata.google.internal:80 "GET /computeMetadata/v1/instance/service-accounts/135066076752-compute@developer.gserviceaccount.com/token HTTP/11" 200 870
2025-03-08 13:56:05,343 INFO     ___FILE_ONLY___ Creating firewall...
2025-03-08 13:56:05,346 DEBUG    urllib3.connectionpool Starting new HTTPS connection (1): compute.googleapis.com:443
2025-03-08 13:56:05,510 DEBUG    urllib3.connectionpool https://compute.googleapis.com:443 "POST /compute/v1/projects/coral-atom-452916-u3/global/firewalls?alt=json HTTP/11" 403 None
2025-03-08 13:56:05,517 DEBUG    root            Chosen display Format:list[title="Could not fetch resource:",always-display-title]
2025-03-08 13:56:05,518 DEBUG    root            (gcloud.compute.firewall-rules.create) Could not fetch resource:
 - Request had insufficient authentication scopes.
Traceback (most recent call last):
  File "/snap/google-cloud-cli/313/lib/googlecloudsdk/calliope/cli.py", line 981, in Execute
    resources = calliope_command.Run(cli=self, args=args)
                ^^^^^^^^^^^^^^^^^^^^^^^^^^^^^^^^^^^^^^^^^
  File "/snap/google-cloud-cli/313/lib/googlecloudsdk/calliope/backend.py", line 934, in Run
    resources = command_instance.Run(args)
                ^^^^^^^^^^^^^^^^^^^^^^^^^^
  File "/snap/google-cloud-cli/313/lib/surface/compute/firewall_rules/create.py", line 142, in Run
    return client.MakeRequests([(client.apitools_client.firewalls, 'Insert',
           ^^^^^^^^^^^^^^^^^^^^^^^^^^^^^^^^^^^^^^^^^^^^^^^^^^^^^^^^^^^^^^^^^
  File "/snap/google-cloud-cli/313/lib/googlecloudsdk/api_lib/compute/client_adapter.py", line 145, in MakeRequests
    utils.RaiseToolException(
  File "/snap/google-cloud-cli/313/lib/googlecloudsdk/api_lib/compute/utils.py", line 139, in RaiseToolException
    RaiseException(problems, calliope_exceptions.ToolException, error_message)
  File "/snap/google-cloud-cli/313/lib/googlecloudsdk/api_lib/compute/utils.py", line 148, in RaiseException
    raise exception(
googlecloudsdk.calliope.exceptions.ToolException: Could not fetch resource:
 - Request had insufficient authentication scopes.

2025-03-08 13:56:05,529 ERROR    root            (gcloud.compute.firewall-rules.create) Could not fetch resource:
 - Request had insufficient authentication scopes.

